PluginDemo/build/outputs/logs/manifest-merger-beijing-debug-report.txt
-- Merging decision tree log ---
manifest
ADDED from src\main\AndroidManifest.xml:2:1-149:12
	package
		ADDED from src\main\AndroidManifest.xml:3:5-39
		INJECTED from src\main\AndroidManifest.xml
		INJECTED from src\main\AndroidManifest.xml
	android:versionName
		ADDED from src\main\AndroidManifest.xml:5:5-30
		INJECTED from src\main\AndroidManifest.xml
		INJECTED from src\main\AndroidManifest.xml
	android:versionCode
		ADDED from src\main\AndroidManifest.xml:4:5-28
		INJECTED from src\main\AndroidManifest.xml
		INJECTED from src\main\AndroidManifest.xml
	xmlns:android
		ADDED from src\main\AndroidManifest.xml:2:11-69
uses-sdk
ADDED from src\main\AndroidManifest.xml:7:5-9:41
MERGED from [com.didi.virtualapk:core:0.9.0] AndroidManifest.xml:7:5-9:41
MERGED from [com.android.support:appcompat-v7:22.2.0] AndroidManifest.xml:20:5-43
MERGED from [com.android.support:support-v4:22.2.0] AndroidManifest.xml:20:5-43
	android:targetSdkVersion
		ADDED from src\main\AndroidManifest.xml:9:9-38
		INJECTED from src\main\AndroidManifest.xml
		INJECTED from src\main\AndroidManifest.xml
	android:minSdkVersion
		ADDED from src\main\AndroidManifest.xml:8:9-35
		INJECTED from src\main\AndroidManifest.xml
		INJECTED from src\main\AndroidManifest.xml
permission#com.didi.virtualapk.demo.permission.ACCESS_BOOK_SERVICE
ADDED from src\main\AndroidManifest.xml:11:5-13:44
	android:protectionLevel
		ADDED from src\main\AndroidManifest.xml:13:9-41
	android:name
		ADDED from src\main\AndroidManifest.xml:12:9-79
permission#com.didi.virtualapk.demo.PROVIDER
ADDED from src\main\AndroidManifest.xml:14:5-16:44
	android:protectionLevel
		ADDED from src\main\AndroidManifest.xml:16:9-41
	android:name
		ADDED from src\main\AndroidManifest.xml:15:9-57
uses-permission#com.didi.virtualapk.demo.PROVIDER
ADDED from src\main\AndroidManifest.xml:18:5-73
	android:name
		ADDED from src\main\AndroidManifest.xml:18:22-70
uses-permission#com.didi.virtualapk.demo.permission.ACCESS_BOOK_SERVICE
ADDED from src\main\AndroidManifest.xml:19:5-95
	android:name
		ADDED from src\main\AndroidManifest.xml:19:22-92
uses-permission#android.permission.SET_WALLPAPER_HINTS
ADDED from src\main\AndroidManifest.xml:21:5-78
	android:name
		ADDED from src\main\AndroidManifest.xml:21:22-75
uses-permission#android.permission.SET_WALLPAPER
ADDED from src\main\AndroidManifest.xml:22:5-72
	android:name
		ADDED from src\main\AndroidManifest.xml:22:22-69
uses-permission#android.permission.BATTERY_STATS
ADDED from src\main\AndroidManifest.xml:23:5-72
	android:name
		ADDED from src\main\AndroidManifest.xml:23:22-69
uses-permission#android.permission.GET_PACKAGE_SIZE
ADDED from src\main\AndroidManifest.xml:24:5-75
	android:name
		ADDED from src\main\AndroidManifest.xml:24:22-72
uses-permission#android.permission.GET_TASKS
ADDED from src\main\AndroidManifest.xml:25:5-68
	android:name
		ADDED from src\main\AndroidManifest.xml:25:22-65
uses-permission#android.permission.RESTART_PACKAGES
ADDED from src\main\AndroidManifest.xml:26:5-75
	android:name
		ADDED from src\main\AndroidManifest.xml:26:22-72
uses-permission#android.permission.READ_PHONE_STATE
ADDED from src\main\AndroidManifest.xml:27:5-75
	android:name
		ADDED from src\main\AndroidManifest.xml:27:22-72
uses-permission#android.permission.INTERNET
ADDED from src\main\AndroidManifest.xml:28:5-67
MERGED from [com.didi.virtualapk:core:0.9.0] AndroidManifest.xml:11:5-67
	android:name
		ADDED from src\main\AndroidManifest.xml:28:22-64
uses-permission#android.permission.ACCESS_NETWORK_STATE
ADDED from src\main\AndroidManifest.xml:29:5-79
MERGED from [com.didi.virtualapk:core:0.9.0] AndroidManifest.xml:12:5-79
	android:name
		ADDED from src\main\AndroidManifest.xml:29:22-76
uses-permission#android.permission.CHANGE_NETWORK_STATE
ADDED from src\main\AndroidManifest.xml:30:5-79
MERGED from [com.didi.virtualapk:core:0.9.0] AndroidManifest.xml:13:5-79
	android:name
		ADDED from src\main\AndroidManifest.xml:30:22-76
uses-permission#android.permission.READ_EXTERNAL_STORAGE
ADDED from src\main\AndroidManifest.xml:31:5-80
MERGED from [com.didi.virtualapk:core:0.9.0] AndroidManifest.xml:14:5-80
	android:name
		ADDED from src\main\AndroidManifest.xml:31:22-77
uses-permission#android.permission.WRITE_EXTERNAL_STORAGE
ADDED from src\main\AndroidManifest.xml:32:5-81
MERGED from [com.didi.virtualapk:core:0.9.0] AndroidManifest.xml:15:5-81
	android:name
		ADDED from src\main\AndroidManifest.xml:32:22-78
uses-permission#android.permission.READ_LOGS
ADDED from src\main\AndroidManifest.xml:33:5-68
	android:name
		ADDED from src\main\AndroidManifest.xml:33:22-65
uses-permission#android.permission.READ_SMS
ADDED from src\main\AndroidManifest.xml:34:5-67
	android:name
		ADDED from src\main\AndroidManifest.xml:34:22-64
uses-permission#android.permission.READ_CONTACTS
ADDED from src\main\AndroidManifest.xml:35:5-72
	android:name
		ADDED from src\main\AndroidManifest.xml:35:22-69
uses-permission#android.permission.WRITE_SMS
ADDED from src\main\AndroidManifest.xml:36:5-68
	android:name
		ADDED from src\main\AndroidManifest.xml:36:22-65
uses-permission#android.permission.CHANGE_WIFI_MULTICAST_STATE
ADDED from src\main\AndroidManifest.xml:37:5-86
	android:name
		ADDED from src\main\AndroidManifest.xml:37:22-83
uses-permission#android.permission.CHANGE_WIFI_STATE
ADDED from src\main\AndroidManifest.xml:38:5-76
	android:name
		ADDED from src\main\AndroidManifest.xml:38:22-73
uses-permission#android.permission.ACCESS_WIFI_STATE
ADDED from src\main\AndroidManifest.xml:39:5-76
	android:name
		ADDED from src\main\AndroidManifest.xml:39:22-73
uses-permission#android.permission.KILL_BACKGROUND_PROCESSES
ADDED from src\main\AndroidManifest.xml:40:5-84
	android:name
		ADDED from src\main\AndroidManifest.xml:40:22-81
uses-permission#android.permission.ACCESS_FINE_LOCATION
ADDED from src\main\AndroidManifest.xml:41:5-79
	android:name
		ADDED from src\main\AndroidManifest.xml:41:22-76
uses-permission#android.permission.RECORD_AUDIO
ADDED from src\main\AndroidManifest.xml:42:5-71
	android:name
		ADDED from src\main\AndroidManifest.xml:42:22-68
uses-permission#android.permission.MODIFY_AUDIO_SETTINGS
ADDED from src\main\AndroidManifest.xml:43:5-80
	android:name
		ADDED from src\main\AndroidManifest.xml:43:22-77
uses-permission#android.permission.CHANGE_CONFIGURATION
ADDED from src\main\AndroidManifest.xml:44:5-79
	android:name
		ADDED from src\main\AndroidManifest.xml:44:22-76
uses-permission#com.android.launcher.permission.INSTALL_SHORTCUT
ADDED from src\main\AndroidManifest.xml:45:5-88
	android:name
		ADDED from src\main\AndroidManifest.xml:45:22-85
uses-permission#android.permission.EXPAND_STATUS_BAR
ADDED from src\main\AndroidManifest.xml:46:5-76
	android:name
		ADDED from src\main\AndroidManifest.xml:46:22-73
application
ADDED from src\main\AndroidManifest.xml:48:5-147:19
MERGED from [com.didi.virtualapk:core:0.9.0] AndroidManifest.xml:17:5-122:19
MERGED from [com.android.support:appcompat-v7:22.2.0] AndroidManifest.xml:22:5-20
MERGED from [com.android.support:support-v4:22.2.0] AndroidManifest.xml:22:5-20
	android:label
		ADDED from src\main\AndroidManifest.xml:52:9-41
	android:allowBackup
		ADDED from src\main\AndroidManifest.xml:50:9-35
	android:icon
		ADDED from src\main\AndroidManifest.xml:51:9-45
	android:theme
		ADDED from src\main\AndroidManifest.xml:53:9-40
	android:name
		ADDED from src\main\AndroidManifest.xml:49:9-62
activity#com.didi.virtualapk.demo.MainActivity
ADDED from src\main\AndroidManifest.xml:54:9-63:20
	android:label
		ADDED from src\main\AndroidManifest.xml:57:13-30
	android:launchMode
		ADDED from src\main\AndroidManifest.xml:58:13-42
	android:configChanges
		ADDED from src\main\AndroidManifest.xml:56:13-59
	android:name
		ADDED from src\main\AndroidManifest.xml:55:13-65
intent-filter#android.intent.action.MAIN+android.intent.category._LAUNCHER
ADDED from src\main\AndroidManifest.xml:59:13-62:29
action#android.intent.action.MAIN
ADDED from src\main\AndroidManifest.xml:60:17-69
	android:name
		ADDED from src\main\AndroidManifest.xml:60:25-66
category#android.intent.category._LAUNCHER
ADDED from src\main\AndroidManifest.xml:61:17-78
	android:name
		ADDED from src\main\AndroidManifest.xml:61:27-75
activity#com.didi.virtualapk.demo.SecondActivity
ADDED from src\main\AndroidManifest.xml:64:9-68:33
	android:label
		ADDED from src\main\AndroidManifest.xml:68:13-30
	android:launchMode
		ADDED from src\main\AndroidManifest.xml:67:13-48
	android:configChanges
		ADDED from src\main\AndroidManifest.xml:66:13-49
	android:name
		ADDED from src\main\AndroidManifest.xml:65:13-67
activity#com.didi.virtualapk.demo.ThirdActivity
ADDED from src\main\AndroidManifest.xml:69:9-72:33
	android:label
		ADDED from src\main\AndroidManifest.xml:72:13-30
	android:configChanges
		ADDED from src\main\AndroidManifest.xml:71:13-49
	android:name
		ADDED from src\main\AndroidManifest.xml:70:13-66
activity#com.didi.virtualapk.demo.aidl.BookManagerActivity
ADDED from src\main\AndroidManifest.xml:73:9-81:20
	android:label
		ADDED from src\main\AndroidManifest.xml:75:13-64
	android:name
		ADDED from src\main\AndroidManifest.xml:74:13-77
intent-filter#android.intent.action.MAIN+android.intent.category.LAUNCHER
ADDED from src\main\AndroidManifest.xml:76:13-80:29
category#android.intent.category.LAUNCHER
ADDED from src\main\AndroidManifest.xml:79:17-77
	android:name
		ADDED from src\main\AndroidManifest.xml:79:27-74
activity#com.didi.virtualapk.demo.messenger.MessengerActivity
ADDED from src\main\AndroidManifest.xml:82:9-88:20
	android:label
		ADDED from src\main\AndroidManifest.xml:84:13-61
	android:name
		ADDED from src\main\AndroidManifest.xml:83:13-80
intent-filter#android.intent.action.MAIN
ADDED from src\main\AndroidManifest.xml:85:13-87:29
service#com.didi.virtualapk.demo.messenger.MessengerService
ADDED from src\main\AndroidManifest.xml:90:9-96:19
	android:process
		ADDED from src\main\AndroidManifest.xml:92:13-38
	android:name
		ADDED from src\main\AndroidManifest.xml:91:13-79
intent-filter#com.didi.MessengerService.launch
ADDED from src\main\AndroidManifest.xml:93:13-95:29
action#com.didi.MessengerService.launch
ADDED from src\main\AndroidManifest.xml:94:17-75
	android:name
		ADDED from src\main\AndroidManifest.xml:94:25-72
service#com.didi.virtualapk.demo.aidl.BookManagerService
ADDED from src\main\AndroidManifest.xml:97:9-100:19
	android:process
		ADDED from src\main\AndroidManifest.xml:99:13-38
	android:name
		ADDED from src\main\AndroidManifest.xml:98:13-76
activity#com.didi.virtualapk.demo.provider.ProviderActivity
ADDED from src\main\AndroidManifest.xml:102:9-110:20
	android:label
		ADDED from src\main\AndroidManifest.xml:104:13-60
	android:name
		ADDED from src\main\AndroidManifest.xml:103:13-78
provider#com.didi.virtualapk.demo.provider.BookProvider
ADDED from src\main\AndroidManifest.xml:112:9-117:20
	android:authorities
		ADDED from src\main\AndroidManifest.xml:114:13-73
	android:process
		ADDED from src\main\AndroidManifest.xml:116:13-40
	android:permission
		ADDED from src\main\AndroidManifest.xml:115:13-67
	android:name
		ADDED from src\main\AndroidManifest.xml:113:13-74
service#com.didi.virtualapk.demo.socket.TCPServerService
ADDED from src\main\AndroidManifest.xml:119:9-121:41
	android:process
		ADDED from src\main\AndroidManifest.xml:121:13-38
	android:name
		ADDED from src\main\AndroidManifest.xml:120:13-76
activity#com.didi.virtualapk.demo.socket.TCPClientActivity
ADDED from src\main\AndroidManifest.xml:123:9-132:20
	android:label
		ADDED from src\main\AndroidManifest.xml:125:13-61
	android:windowSoftInputMode
		ADDED from src\main\AndroidManifest.xml:126:13-55
	android:name
		ADDED from src\main\AndroidManifest.xml:124:13-77
service#com.didi.virtualapk.demo.binderpool.BinderPoolService
ADDED from src\main\AndroidManifest.xml:134:9-136:41
	android:process
		ADDED from src\main\AndroidManifest.xml:136:13-38
	android:name
		ADDED from src\main\AndroidManifest.xml:135:13-81
activity#com.didi.virtualapk.demo.binderpool.BinderPoolActivity
ADDED from src\main\AndroidManifest.xml:138:9-146:20
	android:label
		ADDED from src\main\AndroidManifest.xml:140:13-63
	android:name
		ADDED from src\main\AndroidManifest.xml:139:13-82
activity#com.didi.virtualapk.core.A$1
ADDED from [com.didi.virtualapk:core:0.9.0] AndroidManifest.xml:20:9-22:45
	android:launchMode
		ADDED from [com.didi.virtualapk:core:0.9.0] AndroidManifest.xml:22:13-42
	android:name
		ADDED from [com.didi.virtualapk:core:0.9.0] AndroidManifest.xml:21:13-56
activity#com.didi.virtualapk.core.A$2
ADDED from [com.didi.virtualapk:core:0.9.0] AndroidManifest.xml:23:9-26:64
	android:launchMode
		ADDED from [com.didi.virtualapk:core:0.9.0] AndroidManifest.xml:25:13-42
	android:theme
		ADDED from [com.didi.virtualapk:core:0.9.0] AndroidManifest.xml:26:13-61
	android:name
		ADDED from [com.didi.virtualapk:core:0.9.0] AndroidManifest.xml:24:13-56
activity#com.didi.virtualapk.core.B$1
ADDED from [com.didi.virtualapk:core:0.9.0] AndroidManifest.xml:29:9-31:46
	android:launchMode
		ADDED from [com.didi.virtualapk:core:0.9.0] AndroidManifest.xml:31:13-43
	android:name
		ADDED from [com.didi.virtualapk:core:0.9.0] AndroidManifest.xml:30:13-56
activity#com.didi.virtualapk.core.B$2
ADDED from [com.didi.virtualapk:core:0.9.0] AndroidManifest.xml:32:9-34:46
	android:launchMode
		ADDED from [com.didi.virtualapk:core:0.9.0] AndroidManifest.xml:34:13-43
	android:name
		ADDED from [com.didi.virtualapk:core:0.9.0] AndroidManifest.xml:33:13-56
activity#com.didi.virtualapk.core.B$3
ADDED from [com.didi.virtualapk:core:0.9.0] AndroidManifest.xml:35:9-37:46
	android:launchMode
		ADDED from [com.didi.virtualapk:core:0.9.0] AndroidManifest.xml:37:13-43
	android:name
		ADDED from [com.didi.virtualapk:core:0.9.0] AndroidManifest.xml:36:13-56
activity#com.didi.virtualapk.core.B$4
ADDED from [com.didi.virtualapk:core:0.9.0] AndroidManifest.xml:38:9-40:46
	android:launchMode
		ADDED from [com.didi.virtualapk:core:0.9.0] AndroidManifest.xml:40:13-43
	android:name
		ADDED from [com.didi.virtualapk:core:0.9.0] AndroidManifest.xml:39:13-56
activity#com.didi.virtualapk.core.B$5
ADDED from [com.didi.virtualapk:core:0.9.0] AndroidManifest.xml:41:9-43:46
	android:launchMode
		ADDED from [com.didi.virtualapk:core:0.9.0] AndroidManifest.xml:43:13-43
	android:name
		ADDED from [com.didi.virtualapk:core:0.9.0] AndroidManifest.xml:42:13-56
activity#com.didi.virtualapk.core.B$6
ADDED from [com.didi.virtualapk:core:0.9.0] AndroidManifest.xml:44:9-46:46
	android:launchMode
		ADDED from [com.didi.virtualapk:core:0.9.0] AndroidManifest.xml:46:13-43
	android:name
		ADDED from [com.didi.virtualapk:core:0.9.0] AndroidManifest.xml:45:13-56
activity#com.didi.virtualapk.core.B$7
ADDED from [com.didi.virtualapk:core:0.9.0] AndroidManifest.xml:47:9-49:46
	android:launchMode
		ADDED from [com.didi.virtualapk:core:0.9.0] AndroidManifest.xml:49:13-43
	android:name
		ADDED from [com.didi.virtualapk:core:0.9.0] AndroidManifest.xml:48:13-56
activity#com.didi.virtualapk.core.B$8
ADDED from [com.didi.virtualapk:core:0.9.0] AndroidManifest.xml:50:9-52:46
	android:launchMode
		ADDED from [com.didi.virtualapk:core:0.9.0] AndroidManifest.xml:52:13-43
	android:name
		ADDED from [com.didi.virtualapk:core:0.9.0] AndroidManifest.xml:51:13-56
activity#com.didi.virtualapk.core.C$1
ADDED from [com.didi.virtualapk:core:0.9.0] AndroidManifest.xml:55:9-57:47
	android:launchMode
		ADDED from [com.didi.virtualapk:core:0.9.0] AndroidManifest.xml:57:13-44
	android:name
		ADDED from [com.didi.virtualapk:core:0.9.0] AndroidManifest.xml:56:13-56
activity#com.didi.virtualapk.core.C$2
ADDED from [com.didi.virtualapk:core:0.9.0] AndroidManifest.xml:58:9-60:47
	android:launchMode
		ADDED from [com.didi.virtualapk:core:0.9.0] AndroidManifest.xml:60:13-44
	android:name
		ADDED from [com.didi.virtualapk:core:0.9.0] AndroidManifest.xml:59:13-56
activity#com.didi.virtualapk.core.C$3
ADDED from [com.didi.virtualapk:core:0.9.0] AndroidManifest.xml:61:9-63:47
	android:launchMode
		ADDED from [com.didi.virtualapk:core:0.9.0] AndroidManifest.xml:63:13-44
	android:name
		ADDED from [com.didi.virtualapk:core:0.9.0] AndroidManifest.xml:62:13-56
activity#com.didi.virtualapk.core.C$4
ADDED from [com.didi.virtualapk:core:0.9.0] AndroidManifest.xml:64:9-66:47
	android:launchMode
		ADDED from [com.didi.virtualapk:core:0.9.0] AndroidManifest.xml:66:13-44
	android:name
		ADDED from [com.didi.virtualapk:core:0.9.0] AndroidManifest.xml:65:13-56
activity#com.didi.virtualapk.core.C$5
ADDED from [com.didi.virtualapk:core:0.9.0] AndroidManifest.xml:67:9-69:47
	android:launchMode
		ADDED from [com.didi.virtualapk:core:0.9.0] AndroidManifest.xml:69:13-44
	android:name
		ADDED from [com.didi.virtualapk:core:0.9.0] AndroidManifest.xml:68:13-56
activity#com.didi.virtualapk.core.C$6
ADDED from [com.didi.virtualapk:core:0.9.0] AndroidManifest.xml:70:9-72:47
	android:launchMode
		ADDED from [com.didi.virtualapk:core:0.9.0] AndroidManifest.xml:72:13-44
	android:name
		ADDED from [com.didi.virtualapk:core:0.9.0] AndroidManifest.xml:71:13-56
activity#com.didi.virtualapk.core.C$7
ADDED from [com.didi.virtualapk:core:0.9.0] AndroidManifest.xml:73:9-75:47
	android:launchMode
		ADDED from [com.didi.virtualapk:core:0.9.0] AndroidManifest.xml:75:13-44
	android:name
		ADDED from [com.didi.virtualapk:core:0.9.0] AndroidManifest.xml:74:13-56
activity#com.didi.virtualapk.core.C$8
ADDED from [com.didi.virtualapk:core:0.9.0] AndroidManifest.xml:76:9-78:47
	android:launchMode
		ADDED from [com.didi.virtualapk:core:0.9.0] AndroidManifest.xml:78:13-44
	android:name
		ADDED from [com.didi.virtualapk:core:0.9.0] AndroidManifest.xml:77:13-56
activity#com.didi.virtualapk.core.D$1
ADDED from [com.didi.virtualapk:core:0.9.0] AndroidManifest.xml:81:9-83:51
	android:launchMode
		ADDED from [com.didi.virtualapk:core:0.9.0] AndroidManifest.xml:83:13-48
	android:name
		ADDED from [com.didi.virtualapk:core:0.9.0] AndroidManifest.xml:82:13-56
activity#com.didi.virtualapk.core.D$2
ADDED from [com.didi.virtualapk:core:0.9.0] AndroidManifest.xml:84:9-86:51
	android:launchMode
		ADDED from [com.didi.virtualapk:core:0.9.0] AndroidManifest.xml:86:13-48
	android:name
		ADDED from [com.didi.virtualapk:core:0.9.0] AndroidManifest.xml:85:13-56
activity#com.didi.virtualapk.core.D$3
ADDED from [com.didi.virtualapk:core:0.9.0] AndroidManifest.xml:87:9-89:51
	android:launchMode
		ADDED from [com.didi.virtualapk:core:0.9.0] AndroidManifest.xml:89:13-48
	android:name
		ADDED from [com.didi.virtualapk:core:0.9.0] AndroidManifest.xml:88:13-56
activity#com.didi.virtualapk.core.D$4
ADDED from [com.didi.virtualapk:core:0.9.0] AndroidManifest.xml:90:9-92:51
	android:launchMode
		ADDED from [com.didi.virtualapk:core:0.9.0] AndroidManifest.xml:92:13-48
	android:name
		ADDED from [com.didi.virtualapk:core:0.9.0] AndroidManifest.xml:91:13-56
activity#com.didi.virtualapk.core.D$5
ADDED from [com.didi.virtualapk:core:0.9.0] AndroidManifest.xml:93:9-95:51
	android:launchMode
		ADDED from [com.didi.virtualapk:core:0.9.0] AndroidManifest.xml:95:13-48
	android:name
		ADDED from [com.didi.virtualapk:core:0.9.0] AndroidManifest.xml:94:13-56
activity#com.didi.virtualapk.core.D$6
ADDED from [com.didi.virtualapk:core:0.9.0] AndroidManifest.xml:96:9-98:51
	android:launchMode
		ADDED from [com.didi.virtualapk:core:0.9.0] AndroidManifest.xml:98:13-48
	android:name
		ADDED from [com.didi.virtualapk:core:0.9.0] AndroidManifest.xml:97:13-56
activity#com.didi.virtualapk.core.D$7
ADDED from [com.didi.virtualapk:core:0.9.0] AndroidManifest.xml:99:9-101:51
	android:launchMode
		ADDED from [com.didi.virtualapk:core:0.9.0] AndroidManifest.xml:101:13-48
	android:name
		ADDED from [com.didi.virtualapk:core:0.9.0] AndroidManifest.xml:100:13-56
activity#com.didi.virtualapk.core.D$8
ADDED from [com.didi.virtualapk:core:0.9.0] AndroidManifest.xml:102:9-104:51
	android:launchMode
		ADDED from [com.didi.virtualapk:core:0.9.0] AndroidManifest.xml:104:13-48
	android:name
		ADDED from [com.didi.virtualapk:core:0.9.0] AndroidManifest.xml:103:13-56
service#com.didi.virtualapk.delegate.LocalService
ADDED from [com.didi.virtualapk:core:0.9.0] AndroidManifest.xml:107:9-77
	android:name
		ADDED from [com.didi.virtualapk:core:0.9.0] AndroidManifest.xml:107:18-74
service#com.didi.virtualapk.delegate.RemoteService
ADDED from [com.didi.virtualapk:core:0.9.0] AndroidManifest.xml:110:9-116:19
	android:process
		ADDED from [com.didi.virtualapk:core:0.9.0] AndroidManifest.xml:112:13-38
	android:name
		ADDED from [com.didi.virtualapk:core:0.9.0] AndroidManifest.xml:111:13-70
intent-filter#${applicationId}.intent.ACTION_DAEMON_SERVICE
ADDED from [com.didi.virtualapk:core:0.9.0] AndroidManifest.xml:113:13-115:29
action#${applicationId}.intent.ACTION_DAEMON_SERVICE
ADDED from [com.didi.virtualapk:core:0.9.0] AndroidManifest.xml:114:17-88
	android:name
		ADDED from [com.didi.virtualapk:core:0.9.0] AndroidManifest.xml:114:25-85
provider#com.didi.virtualapk.delegate.RemoteContentProvider
ADDED from [com.didi.virtualapk:core:0.9.0] AndroidManifest.xml:118:9-121:41
	android:authorities
		ADDED from [com.didi.virtualapk:core:0.9.0] AndroidManifest.xml:120:13-71
	android:process
		ADDED from [com.didi.virtualapk:core:0.9.0] AndroidManifest.xml:121:13-38
	android:name
		ADDED from [com.didi.virtualapk:core:0.9.0] AndroidManifest.xml:119:13-78